Using pre-set license
Built from '2020.3/release' branch; Version is '2020.3.7f1 (dd97f2c94397) revision 14522354'; Using compiler version '192528614'; Build Type 'Release'
OS: 'Windows 7  (6.1.0) 64bit' Language: 'ru' Physical Memory: 8169 MB
BatchMode: 1, IsHumanControllingUs: 0, StartBugReporterOnCrash: 0, Is64bit: 1, IsPro: 0

 COMMAND LINE ARGUMENTS:
L:\Unity\2020.3.7f1\Editor\Unity.exe
-adb2
-batchMode
-noUpm
-name
AssetImportWorker0
-projectPath
L:/Unity/Projects/- UL/PTP-repo/PTP
-logFile
Logs/AssetImportWorker0.log
-srvPort
49474
Successfully changed project path to: L:/Unity/Projects/- UL/PTP-repo/PTP
L:/Unity/Projects/- UL/PTP-repo/PTP
Using Asset Import Pipeline V2.
Refreshing native plugins compatible for Editor in 28.82 ms, found 0 plugins.
Preloading 0 native plugins for Editor in 0.00 ms.
Initialize engine version: 2020.3.7f1 (dd97f2c94397)
[Subsystems] Discovering subsystems at path L:/Unity/2020.3.7f1/Editor/Data/Resources/UnitySubsystems
[Subsystems] Discovering subsystems at path L:/Unity/Projects/- UL/PTP-repo/PTP/Assets
GfxDevice: creating device client; threaded=0
d3d11: CreateDXGIFactory2(...) not found, fallbacking to CreateDXGIFactory1(...).
d3d11: QueryInterface(IDXGIFactory5) failed (80004002).
Direct3D:
    Version:  Direct3D 11.0 [level 11.0]
    Renderer: NVIDIA GeForce GTX 1660 SUPER (ID=0x21c4)
    Vendor:   
    VRAM:     5983 MB
    Driver:   27.21.14.6611
Initialize mono
Mono path[0] = 'L:/Unity/2020.3.7f1/Editor/Data/Managed'
Mono path[1] = 'L:/Unity/2020.3.7f1/Editor/Data/MonoBleedingEdge/lib/mono/unityjit'
Mono config path = 'L:/Unity/2020.3.7f1/Editor/Data/MonoBleedingEdge/etc'
Using monoOptions --debugger-agent=transport=dt_socket,embedding=1,server=y,suspend=n,address=127.0.0.1:56708
Begin MonoManager ReloadAssembly
Registering precompiled unity dll's ...
Register platform support module: L:/Unity/2020.3.7f1/Editor/Data/PlaybackEngines/WebGLSupport/UnityEditor.WebGL.Extensions.dll
Register platform support module: L:/Unity/2020.3.7f1/Editor/Data/PlaybackEngines/WindowsStandaloneSupport/UnityEditor.WindowsStandalone.Extensions.dll
Registered in 0.001007 seconds.
Native extension for WindowsStandalone target not found
Native extension for WebGL target not found
Refreshing native plugins compatible for Editor in 29.96 ms, found 0 plugins.
Preloading 0 native plugins for Editor in 0.00 ms.
Mono: successfully reloaded assembly
- Completed reload, in  1.298 seconds
Platform modules already initialized, skipping
Registering precompiled user dll's ...
Registered in 0.000540 seconds.
Begin MonoManager ReloadAssembly
Native extension for WindowsStandalone target not found
Native extension for WebGL target not found
Refreshing native plugins compatible for Editor in 29.66 ms, found 0 plugins.
Preloading 0 native plugins for Editor in 0.00 ms.
Mono: successfully reloaded assembly
- Completed reload, in  1.273 seconds
Platform modules already initialized, skipping
========================================================================
Worker process is ready to serve import requests
Launched and connected shader compiler UnityShaderCompiler.exe after 0.02 seconds
Refreshing native plugins compatible for Editor in 0.28 ms, found 0 plugins.
Preloading 0 native plugins for Editor in 0.00 ms.
Unloading 1312 Unused Serialized files (Serialized files now loaded: 0)
System memory in use before: 83.5 MB.
System memory in use after: 83.4 MB.

Unloading 23 unused Assets to reduce memory usage. Loaded Objects now: 1780.
Total: 1.823080 ms (FindLiveObjects: 0.165469 ms CreateObjectMapping: 0.047360 ms MarkObjects: 1.400638 ms  DeleteObjects: 0.208152 ms)

========================================================================
Received Import Request.
  path: Assets/__UnityStore/Samples/Terrain Tools/0.1.0-preview/Terrain Assets/TerrainLayers/moss.terrainlayer
  artifactKey: Guid(56b2820651de357459e8d89d2b4f3f05) Importer(815301076,1909f56bfc062723c751e8b465ee728b)
Start importing Assets/__UnityStore/Samples/Terrain Tools/0.1.0-preview/Terrain Assets/TerrainLayers/moss.terrainlayer using Guid(56b2820651de357459e8d89d2b4f3f05) Importer(815301076,1909f56bfc062723c751e8b465ee728b)  -> (artifact id: '13345353a9ed7aa46c27caf3d3ebf5e8') in 0.145768 seconds
  Import took 0.150374 seconds .

========================================================================
Received Prepare
Registering precompiled user dll's ...
Registered in 0.000475 seconds.
Begin MonoManager ReloadAssembly
Native extension for WindowsStandalone target not found
Native extension for WebGL target not found
Refreshing native plugins compatible for Editor in 0.28 ms, found 0 plugins.
Preloading 0 native plugins for Editor in 0.00 ms.
Mono: successfully reloaded assembly
- Completed reload, in  1.154 seconds
Platform modules already initialized, skipping
Refreshing native plugins compatible for Editor in 0.29 ms, found 0 plugins.
Preloading 0 native plugins for Editor in 0.00 ms.
Unloading 1269 Unused Serialized files (Serialized files now loaded: 0)
System memory in use before: 82.8 MB.
System memory in use after: 82.7 MB.

Unloading 8 unused Assets to reduce memory usage. Loaded Objects now: 1788.
Total: 1.686846 ms (FindLiveObjects: 0.142666 ms CreateObjectMapping: 0.043267 ms MarkObjects: 1.339245 ms  DeleteObjects: 0.160207 ms)

========================================================================
Received Import Request.
  Time since last request: 424.017803 seconds.
  path: Assets/Scenes
  artifactKey: Guid(1c1ee2ae7bfae6744a4ffe2f884ba8fd) Importer(815301076,1909f56bfc062723c751e8b465ee728b)
Start importing Assets/Scenes using Guid(1c1ee2ae7bfae6744a4ffe2f884ba8fd) Importer(815301076,1909f56bfc062723c751e8b465ee728b)  -> (artifact id: '9134e7acd38c8c48af495ae26fb878f1') in 0.003678 seconds
  Import took 0.005889 seconds .

========================================================================
Received Import Request.
  Time since last request: 20.441494 seconds.
  path: Assets/Scenes/Title.unity
  artifactKey: Guid(f04743c2b2abbab44a210c6ae40d4f80) Importer(815301076,1909f56bfc062723c751e8b465ee728b)
Start importing Assets/Scenes/Title.unity using Guid(f04743c2b2abbab44a210c6ae40d4f80) Importer(815301076,1909f56bfc062723c751e8b465ee728b)  -> (artifact id: 'b77b1e56959ff6d8eab29d3a8b0944d0') in 0.011870 seconds
  Import took 0.014244 seconds .

========================================================================
Received Import Request.
  Time since last request: 795.704568 seconds.
  path: Assets/_Scripts/TitleMenu.cs
  artifactKey: Guid(52f44b7b6d257c542926a610975f6831) Importer(815301076,1909f56bfc062723c751e8b465ee728b)
Start importing Assets/_Scripts/TitleMenu.cs using Guid(52f44b7b6d257c542926a610975f6831) Importer(815301076,1909f56bfc062723c751e8b465ee728b)  -> (artifact id: '8831c13bf29846edd2988b9753b24222') in 0.078638 seconds
  Import took 0.103381 seconds .

========================================================================
Received Prepare
Registering precompiled user dll's ...
Registered in 0.000544 seconds.
Begin MonoManager ReloadAssembly
Native extension for WindowsStandalone target not found
Native extension for WebGL target not found
Refreshing native plugins compatible for Editor in 0.28 ms, found 0 plugins.
Preloading 0 native plugins for Editor in 0.00 ms.
Mono: successfully reloaded assembly
- Completed reload, in  1.157 seconds
Platform modules already initialized, skipping
Refreshing native plugins compatible for Editor in 0.30 ms, found 0 plugins.
Preloading 0 native plugins for Editor in 0.00 ms.
Unloading 1283 Unused Serialized files (Serialized files now loaded: 0)
System memory in use before: 84.9 MB.
System memory in use after: 84.1 MB.

Unloading 21 unused Assets to reduce memory usage. Loaded Objects now: 1792.
Total: 1.973931 ms (FindLiveObjects: 0.116062 ms CreateObjectMapping: 0.042683 ms MarkObjects: 1.394791 ms  DeleteObjects: 0.419227 ms)

========================================================================
Received Import Request.
  Time since last request: 173.260755 seconds.
  path: Assets/_Scripts/GameManager.cs
  artifactKey: Guid(5305846f8e8f5584dac53dc8498dff71) Importer(815301076,1909f56bfc062723c751e8b465ee728b)
Start importing Assets/_Scripts/GameManager.cs using Guid(5305846f8e8f5584dac53dc8498dff71) Importer(815301076,1909f56bfc062723c751e8b465ee728b)  -> (artifact id: '4f2d6db8c9c9352d519e5398fb0be0cb') in 0.005156 seconds
  Import took 0.008019 seconds .

========================================================================
Received Prepare
Registering precompiled user dll's ...
Registered in 0.000568 seconds.
Begin MonoManager ReloadAssembly
Native extension for WindowsStandalone target not found
Native extension for WebGL target not found
Refreshing native plugins compatible for Editor in 0.28 ms, found 0 plugins.
Preloading 0 native plugins for Editor in 0.00 ms.
Mono: successfully reloaded assembly
- Completed reload, in  1.208 seconds
Platform modules already initialized, skipping
Refreshing native plugins compatible for Editor in 0.30 ms, found 0 plugins.
Preloading 0 native plugins for Editor in 0.00 ms.
Unloading 1284 Unused Serialized files (Serialized files now loaded: 0)
System memory in use before: 84.9 MB.
System memory in use after: 84.2 MB.

Unloading 21 unused Assets to reduce memory usage. Loaded Objects now: 1796.
Total: 2.651593 ms (FindLiveObjects: 0.135357 ms CreateObjectMapping: 0.044144 ms MarkObjects: 1.972762 ms  DeleteObjects: 0.498453 ms)

========================================================================
Received Prepare
Registering precompiled user dll's ...
Registered in 0.000580 seconds.
Begin MonoManager ReloadAssembly
Native extension for WindowsStandalone target not found
Native extension for WebGL target not found
Refreshing native plugins compatible for Editor in 0.28 ms, found 0 plugins.
Preloading 0 native plugins for Editor in 0.00 ms.
Mono: successfully reloaded assembly
- Completed reload, in  1.155 seconds
Platform modules already initialized, skipping
Refreshing native plugins compatible for Editor in 0.28 ms, found 0 plugins.
Preloading 0 native plugins for Editor in 0.00 ms.
Unloading 1284 Unused Serialized files (Serialized files now loaded: 0)
System memory in use before: 84.9 MB.
System memory in use after: 84.2 MB.

Unloading 21 unused Assets to reduce memory usage. Loaded Objects now: 1799.
Total: 2.092625 ms (FindLiveObjects: 0.116062 ms CreateObjectMapping: 0.041806 ms MarkObjects: 1.345384 ms  DeleteObjects: 0.587619 ms)

========================================================================
Received Prepare
Registering precompiled user dll's ...
Registered in 0.000535 seconds.
Begin MonoManager ReloadAssembly
Native extension for WindowsStandalone target not found
Native extension for WebGL target not found
Refreshing native plugins compatible for Editor in 0.28 ms, found 0 plugins.
Preloading 0 native plugins for Editor in 0.00 ms.
Mono: successfully reloaded assembly
- Completed reload, in  1.171 seconds
Platform modules already initialized, skipping
Refreshing native plugins compatible for Editor in 0.28 ms, found 0 plugins.
Preloading 0 native plugins for Editor in 0.00 ms.
Unloading 1284 Unused Serialized files (Serialized files now loaded: 0)
System memory in use before: 84.9 MB.
System memory in use after: 84.2 MB.

Unloading 21 unused Assets to reduce memory usage. Loaded Objects now: 1802.
Total: 1.963992 ms (FindLiveObjects: 0.132141 ms CreateObjectMapping: 0.043852 ms MarkObjects: 1.323750 ms  DeleteObjects: 0.463079 ms)

========================================================================
Received Prepare
Registering precompiled user dll's ...
Registered in 0.000561 seconds.
Begin MonoManager ReloadAssembly
Native extension for WindowsStandalone target not found
Native extension for WebGL target not found
Refreshing native plugins compatible for Editor in 0.29 ms, found 0 plugins.
Preloading 0 native plugins for Editor in 0.00 ms.
Mono: successfully reloaded assembly
- Completed reload, in  1.152 seconds
Platform modules already initialized, skipping
Refreshing native plugins compatible for Editor in 0.28 ms, found 0 plugins.
Preloading 0 native plugins for Editor in 0.00 ms.
Unloading 1284 Unused Serialized files (Serialized files now loaded: 0)
System memory in use before: 84.9 MB.
System memory in use after: 84.2 MB.

Unloading 21 unused Assets to reduce memory usage. Loaded Objects now: 1805.
Total: 2.157818 ms (FindLiveObjects: 0.142081 ms CreateObjectMapping: 0.042975 ms MarkObjects: 1.482203 ms  DeleteObjects: 0.488805 ms)

========================================================================
Received Prepare
Registering precompiled user dll's ...
Registered in 0.000548 seconds.
Begin MonoManager ReloadAssembly
Native extension for WindowsStandalone target not found
Native extension for WebGL target not found
Refreshing native plugins compatible for Editor in 0.28 ms, found 0 plugins.
Preloading 0 native plugins for Editor in 0.00 ms.
Mono: successfully reloaded assembly
- Completed reload, in  1.154 seconds
Platform modules already initialized, skipping
Refreshing native plugins compatible for Editor in 0.29 ms, found 0 plugins.
Preloading 0 native plugins for Editor in 0.00 ms.
Unloading 1284 Unused Serialized files (Serialized files now loaded: 0)
System memory in use before: 85.0 MB.
System memory in use after: 84.2 MB.

Unloading 21 unused Assets to reduce memory usage. Loaded Objects now: 1808.
Total: 2.256632 ms (FindLiveObjects: 0.219553 ms CreateObjectMapping: 0.044729 ms MarkObjects: 1.498866 ms  DeleteObjects: 0.491729 ms)

========================================================================
Received Prepare
Registering precompiled user dll's ...
Registered in 0.000559 seconds.
Begin MonoManager ReloadAssembly
Native extension for WindowsStandalone target not found
Native extension for WebGL target not found
Refreshing native plugins compatible for Editor in 0.28 ms, found 0 plugins.
Preloading 0 native plugins for Editor in 0.00 ms.
Mono: successfully reloaded assembly
- Completed reload, in  1.162 seconds
Platform modules already initialized, skipping
Refreshing native plugins compatible for Editor in 0.28 ms, found 0 plugins.
Preloading 0 native plugins for Editor in 0.00 ms.
Unloading 1284 Unused Serialized files (Serialized files now loaded: 0)
System memory in use before: 85.0 MB.
System memory in use after: 84.2 MB.

Unloading 21 unused Assets to reduce memory usage. Loaded Objects now: 1811.
Total: 2.011937 ms (FindLiveObjects: 0.119570 ms CreateObjectMapping: 0.044144 ms MarkObjects: 1.379589 ms  DeleteObjects: 0.467172 ms)

========================================================================
Received Prepare
Registering precompiled user dll's ...
Registered in 0.000572 seconds.
Begin MonoManager ReloadAssembly
Native extension for WindowsStandalone target not found
Native extension for WebGL target not found
Refreshing native plugins compatible for Editor in 0.33 ms, found 0 plugins.
Preloading 0 native plugins for Editor in 0.00 ms.
Mono: successfully reloaded assembly
- Completed reload, in  1.159 seconds
Platform modules already initialized, skipping
Refreshing native plugins compatible for Editor in 0.28 ms, found 0 plugins.
Preloading 0 native plugins for Editor in 0.00 ms.
Unloading 1284 Unused Serialized files (Serialized files now loaded: 0)
System memory in use before: 85.0 MB.
System memory in use after: 84.2 MB.

Unloading 21 unused Assets to reduce memory usage. Loaded Objects now: 1814.
Total: 2.186176 ms (FindLiveObjects: 0.134772 ms CreateObjectMapping: 0.045606 ms MarkObjects: 1.507637 ms  DeleteObjects: 0.496991 ms)

========================================================================
Received Prepare
Registering precompiled user dll's ...
Registered in 0.000500 seconds.
Begin MonoManager ReloadAssembly
Native extension for WindowsStandalone target not found
Native extension for WebGL target not found
Refreshing native plugins compatible for Editor in 0.28 ms, found 0 plugins.
Preloading 0 native plugins for Editor in 0.00 ms.
Mono: successfully reloaded assembly
- Completed reload, in  1.168 seconds
Platform modules already initialized, skipping
Refreshing native plugins compatible for Editor in 0.28 ms, found 0 plugins.
Preloading 0 native plugins for Editor in 0.00 ms.
Unloading 1284 Unused Serialized files (Serialized files now loaded: 0)
System memory in use before: 85.0 MB.
System memory in use after: 84.2 MB.

Unloading 21 unused Assets to reduce memory usage. Loaded Objects now: 1817.
Total: 2.100518 ms (FindLiveObjects: 0.130095 ms CreateObjectMapping: 0.044144 ms MarkObjects: 1.441859 ms  DeleteObjects: 0.482958 ms)

========================================================================
Received Prepare
Registering precompiled user dll's ...
Registered in 0.000573 seconds.
Begin MonoManager ReloadAssembly
Native extension for WindowsStandalone target not found
Native extension for WebGL target not found
Refreshing native plugins compatible for Editor in 0.28 ms, found 0 plugins.
Preloading 0 native plugins for Editor in 0.00 ms.
Mono: successfully reloaded assembly
- Completed reload, in  1.156 seconds
Platform modules already initialized, skipping
Refreshing native plugins compatible for Editor in 0.33 ms, found 0 plugins.
Preloading 0 native plugins for Editor in 0.00 ms.
Unloading 1284 Unused Serialized files (Serialized files now loaded: 0)
System memory in use before: 85.0 MB.
System memory in use after: 84.2 MB.

Unloading 21 unused Assets to reduce memory usage. Loaded Objects now: 1820.
Total: 2.327672 ms (FindLiveObjects: 0.165176 ms CreateObjectMapping: 0.045314 ms MarkObjects: 1.481326 ms  DeleteObjects: 0.634394 ms)

========================================================================
Received Prepare
Registering precompiled user dll's ...
Registered in 0.000519 seconds.
Begin MonoManager ReloadAssembly
Native extension for WindowsStandalone target not found
Native extension for WebGL target not found
Refreshing native plugins compatible for Editor in 0.28 ms, found 0 plugins.
Preloading 0 native plugins for Editor in 0.00 ms.
Mono: successfully reloaded assembly
- Completed reload, in  1.176 seconds
Platform modules already initialized, skipping
Refreshing native plugins compatible for Editor in 0.28 ms, found 0 plugins.
Preloading 0 native plugins for Editor in 0.00 ms.
Unloading 1284 Unused Serialized files (Serialized files now loaded: 0)
System memory in use before: 85.0 MB.
System memory in use after: 84.2 MB.

Unloading 21 unused Assets to reduce memory usage. Loaded Objects now: 1823.
Total: 2.154310 ms (FindLiveObjects: 0.123371 ms CreateObjectMapping: 0.043852 ms MarkObjects: 1.528686 ms  DeleteObjects: 0.457232 ms)

========================================================================
Received Prepare
Registering precompiled user dll's ...
Registered in 0.000568 seconds.
Begin MonoManager ReloadAssembly
Native extension for WindowsStandalone target not found
Native extension for WebGL target not found
Refreshing native plugins compatible for Editor in 0.29 ms, found 0 plugins.
Preloading 0 native plugins for Editor in 0.00 ms.
Mono: successfully reloaded assembly
- Completed reload, in  1.182 seconds
Platform modules already initialized, skipping
Refreshing native plugins compatible for Editor in 0.28 ms, found 0 plugins.
Preloading 0 native plugins for Editor in 0.00 ms.
Unloading 1284 Unused Serialized files (Serialized files now loaded: 0)
System memory in use before: 85.0 MB.
System memory in use after: 84.2 MB.

Unloading 21 unused Assets to reduce memory usage. Loaded Objects now: 1826.
Total: 2.301653 ms (FindLiveObjects: 0.152898 ms CreateObjectMapping: 0.044437 ms MarkObjects: 1.601773 ms  DeleteObjects: 0.501084 ms)

