Using pre-set license
Built from '2020.3/release' branch; Version is '2020.3.7f1 (dd97f2c94397) revision 14522354'; Using compiler version '192528614'; Build Type 'Release'
OS: 'Windows 7  (6.1.0) 64bit' Language: 'ru' Physical Memory: 8169 MB
BatchMode: 1, IsHumanControllingUs: 0, StartBugReporterOnCrash: 0, Is64bit: 1, IsPro: 0

 COMMAND LINE ARGUMENTS:
L:\Unity\2020.3.7f1\Editor\Unity.exe
-adb2
-batchMode
-noUpm
-name
AssetImportWorker0
-projectPath
L:/Unity/Projects/- UL/PTP-repo/PTP
-logFile
Logs/AssetImportWorker0.log
-srvPort
50302
Successfully changed project path to: L:/Unity/Projects/- UL/PTP-repo/PTP
L:/Unity/Projects/- UL/PTP-repo/PTP
Using Asset Import Pipeline V2.
Refreshing native plugins compatible for Editor in 31.39 ms, found 0 plugins.
Preloading 0 native plugins for Editor in 0.00 ms.
Initialize engine version: 2020.3.7f1 (dd97f2c94397)
[Subsystems] Discovering subsystems at path L:/Unity/2020.3.7f1/Editor/Data/Resources/UnitySubsystems
[Subsystems] Discovering subsystems at path L:/Unity/Projects/- UL/PTP-repo/PTP/Assets
GfxDevice: creating device client; threaded=0
d3d11: CreateDXGIFactory2(...) not found, fallbacking to CreateDXGIFactory1(...).
d3d11: QueryInterface(IDXGIFactory5) failed (80004002).
Direct3D:
    Version:  Direct3D 11.0 [level 11.0]
    Renderer: NVIDIA GeForce GTX 1660 SUPER (ID=0x21c4)
    Vendor:   
    VRAM:     5983 MB
    Driver:   27.21.14.6611
Initialize mono
Mono path[0] = 'L:/Unity/2020.3.7f1/Editor/Data/Managed'
Mono path[1] = 'L:/Unity/2020.3.7f1/Editor/Data/MonoBleedingEdge/lib/mono/unityjit'
Mono config path = 'L:/Unity/2020.3.7f1/Editor/Data/MonoBleedingEdge/etc'
Using monoOptions --debugger-agent=transport=dt_socket,embedding=1,server=y,suspend=n,address=127.0.0.1:56640
Begin MonoManager ReloadAssembly
Registering precompiled unity dll's ...
Register platform support module: L:/Unity/2020.3.7f1/Editor/Data/PlaybackEngines/WebGLSupport/UnityEditor.WebGL.Extensions.dll
Register platform support module: L:/Unity/2020.3.7f1/Editor/Data/PlaybackEngines/WindowsStandaloneSupport/UnityEditor.WindowsStandalone.Extensions.dll
Registered in 0.001089 seconds.
Native extension for WindowsStandalone target not found
Native extension for WebGL target not found
Refreshing native plugins compatible for Editor in 36.17 ms, found 0 plugins.
Preloading 0 native plugins for Editor in 0.00 ms.
Mono: successfully reloaded assembly
- Completed reload, in  1.493 seconds
Platform modules already initialized, skipping
Registering precompiled user dll's ...
Registered in 0.000563 seconds.
Begin MonoManager ReloadAssembly
Native extension for WindowsStandalone target not found
Native extension for WebGL target not found
Refreshing native plugins compatible for Editor in 48.14 ms, found 0 plugins.
Preloading 0 native plugins for Editor in 0.00 ms.
Mono: successfully reloaded assembly
- Completed reload, in  1.513 seconds
Platform modules already initialized, skipping
========================================================================
Worker process is ready to serve import requests
Launched and connected shader compiler UnityShaderCompiler.exe after 0.02 seconds
Refreshing native plugins compatible for Editor in 0.29 ms, found 0 plugins.
Preloading 0 native plugins for Editor in 0.00 ms.
Unloading 1327 Unused Serialized files (Serialized files now loaded: 0)
System memory in use before: 85.8 MB.
System memory in use after: 85.7 MB.

Unloading 23 unused Assets to reduce memory usage. Loaded Objects now: 1796.
Total: 2.022169 ms (FindLiveObjects: 0.278607 ms CreateObjectMapping: 0.059639 ms MarkObjects: 1.469339 ms  DeleteObjects: 0.212537 ms)

========================================================================
Received Import Request.
  path: Assets/_Scripts/Passerby_2.cs
  artifactKey: Guid(d9dcd14b369effb4c84265784f75c5c5) Importer(815301076,1909f56bfc062723c751e8b465ee728b)
Start importing Assets/_Scripts/Passerby_2.cs using Guid(d9dcd14b369effb4c84265784f75c5c5) Importer(815301076,1909f56bfc062723c751e8b465ee728b)  -> (artifact id: 'a5b886177fd96d5ca922a8093368855b') in 0.025209 seconds
  Import took 0.028530 seconds .

========================================================================
Received Prepare
Refreshing native plugins compatible for Editor in 0.76 ms, found 0 plugins.
Preloading 0 native plugins for Editor in 0.00 ms.
Unloading 6 Unused Serialized files (Serialized files now loaded: 0)
System memory in use before: 55.5 MB.
System memory in use after: 55.4 MB.

Unloading 6 unused Assets to reduce memory usage. Loaded Objects now: 1796.
Total: 1.949374 ms (FindLiveObjects: 0.156698 ms CreateObjectMapping: 0.044144 ms MarkObjects: 1.571369 ms  DeleteObjects: 0.175409 ms)

========================================================================
Received Prepare
Registering precompiled user dll's ...
Registered in 0.000814 seconds.
Begin MonoManager ReloadAssembly
Native extension for WindowsStandalone target not found
Native extension for WebGL target not found
Refreshing native plugins compatible for Editor in 0.29 ms, found 0 plugins.
Preloading 0 native plugins for Editor in 0.00 ms.
Mono: successfully reloaded assembly
- Completed reload, in  1.173 seconds
Platform modules already initialized, skipping
Refreshing native plugins compatible for Editor in 0.28 ms, found 0 plugins.
Preloading 0 native plugins for Editor in 0.00 ms.
Unloading 1271 Unused Serialized files (Serialized files now loaded: 0)
System memory in use before: 80.8 MB.
System memory in use after: 80.7 MB.

Unloading 8 unused Assets to reduce memory usage. Loaded Objects now: 1799.
Total: 2.005505 ms (FindLiveObjects: 0.209029 ms CreateObjectMapping: 0.082734 ms MarkObjects: 1.505298 ms  DeleteObjects: 0.206397 ms)

========================================================================
Received Import Request.
  Time since last request: 1256.610565 seconds.
  path: Assets/_Scripts/PlayerName.cs
  artifactKey: Guid(a4bfd37d75951a247aba233bf11fd0d1) Importer(815301076,1909f56bfc062723c751e8b465ee728b)
Start importing Assets/_Scripts/PlayerName.cs using Guid(a4bfd37d75951a247aba233bf11fd0d1) Importer(815301076,1909f56bfc062723c751e8b465ee728b)  -> (artifact id: '27ef04fcfddaed6b0976364c818929f9') in 0.004759 seconds
  Import took 0.007105 seconds .

========================================================================
Received Prepare
Registering precompiled user dll's ...
Registered in 0.000671 seconds.
Begin MonoManager ReloadAssembly
Native extension for WindowsStandalone target not found
Native extension for WebGL target not found
Refreshing native plugins compatible for Editor in 0.36 ms, found 0 plugins.
Preloading 0 native plugins for Editor in 0.00 ms.
Mono: successfully reloaded assembly
- Completed reload, in  1.246 seconds
Platform modules already initialized, skipping
Refreshing native plugins compatible for Editor in 0.28 ms, found 0 plugins.
Preloading 0 native plugins for Editor in 0.00 ms.
Unloading 1272 Unused Serialized files (Serialized files now loaded: 0)
System memory in use before: 80.9 MB.
System memory in use after: 80.8 MB.

Unloading 8 unused Assets to reduce memory usage. Loaded Objects now: 1803.
Total: 1.838867 ms (FindLiveObjects: 0.135065 ms CreateObjectMapping: 0.043560 ms MarkObjects: 1.452675 ms  DeleteObjects: 0.206105 ms)

========================================================================
Received Prepare
Registering precompiled user dll's ...
Registered in 0.000699 seconds.
Begin MonoManager ReloadAssembly
Native extension for WindowsStandalone target not found
Native extension for WebGL target not found
Refreshing native plugins compatible for Editor in 0.29 ms, found 0 plugins.
Preloading 0 native plugins for Editor in 0.00 ms.
Mono: successfully reloaded assembly
- Completed reload, in  1.191 seconds
Platform modules already initialized, skipping
Refreshing native plugins compatible for Editor in 0.28 ms, found 0 plugins.
Preloading 0 native plugins for Editor in 0.00 ms.
Unloading 1272 Unused Serialized files (Serialized files now loaded: 0)
System memory in use before: 80.9 MB.
System memory in use after: 80.8 MB.

Unloading 8 unused Assets to reduce memory usage. Loaded Objects now: 1806.
Total: 1.924817 ms (FindLiveObjects: 0.133018 ms CreateObjectMapping: 0.047360 ms MarkObjects: 1.560259 ms  DeleteObjects: 0.183302 ms)

========================================================================
Received Import Request.
  Time since last request: 140.898632 seconds.
  path: Assets/_Scripts/PlayerName.cs
  artifactKey: Guid(a4bfd37d75951a247aba233bf11fd0d1) Importer(815301076,1909f56bfc062723c751e8b465ee728b)
Start importing Assets/_Scripts/PlayerName.cs using Guid(a4bfd37d75951a247aba233bf11fd0d1) Importer(815301076,1909f56bfc062723c751e8b465ee728b)  -> (artifact id: '0522408d82974ab678a2987dbbf89e6d') in 0.004242 seconds
  Import took 0.006405 seconds .

========================================================================
Received Prepare
Registering precompiled user dll's ...
Registered in 0.000583 seconds.
Begin MonoManager ReloadAssembly
Native extension for WindowsStandalone target not found
Native extension for WebGL target not found
Refreshing native plugins compatible for Editor in 0.28 ms, found 0 plugins.
Preloading 0 native plugins for Editor in 0.00 ms.
Mono: successfully reloaded assembly
- Completed reload, in  1.173 seconds
Platform modules already initialized, skipping
Refreshing native plugins compatible for Editor in 0.32 ms, found 0 plugins.
Preloading 0 native plugins for Editor in 0.00 ms.
Unloading 1272 Unused Serialized files (Serialized files now loaded: 0)
System memory in use before: 80.9 MB.
System memory in use after: 80.8 MB.

Unloading 8 unused Assets to reduce memory usage. Loaded Objects now: 1809.
Total: 2.044679 ms (FindLiveObjects: 0.147343 ms CreateObjectMapping: 0.044729 ms MarkObjects: 1.607035 ms  DeleteObjects: 0.243818 ms)

========================================================================
Received Prepare
Registering precompiled user dll's ...
Registered in 0.000611 seconds.
Begin MonoManager ReloadAssembly
Native extension for WindowsStandalone target not found
Native extension for WebGL target not found
Refreshing native plugins compatible for Editor in 0.28 ms, found 0 plugins.
Preloading 0 native plugins for Editor in 0.00 ms.
Mono: successfully reloaded assembly
- Completed reload, in  1.175 seconds
Platform modules already initialized, skipping
Refreshing native plugins compatible for Editor in 0.28 ms, found 0 plugins.
Preloading 0 native plugins for Editor in 0.00 ms.
Unloading 1272 Unused Serialized files (Serialized files now loaded: 0)
System memory in use before: 80.9 MB.
System memory in use after: 80.8 MB.

Unloading 8 unused Assets to reduce memory usage. Loaded Objects now: 1812.
Total: 1.876287 ms (FindLiveObjects: 0.118693 ms CreateObjectMapping: 0.057300 ms MarkObjects: 1.508806 ms  DeleteObjects: 0.190318 ms)

========================================================================
Received Import Request.
  Time since last request: 722.026453 seconds.
  path: Assets/Scenes/Main.unity
  artifactKey: Guid(9fc0d4010bbf28b4594072e72b8655ab) Importer(815301076,1909f56bfc062723c751e8b465ee728b)
Start importing Assets/Scenes/Main.unity using Guid(9fc0d4010bbf28b4594072e72b8655ab) Importer(815301076,1909f56bfc062723c751e8b465ee728b)  -> (artifact id: '7da902b48918d4baeda5a9537504d0e0') in 0.013321 seconds
  Import took 0.015694 seconds .

========================================================================
Received Prepare
Registering precompiled user dll's ...
Registered in 0.000650 seconds.
Begin MonoManager ReloadAssembly
Native extension for WindowsStandalone target not found
Native extension for WebGL target not found
Refreshing native plugins compatible for Editor in 0.28 ms, found 0 plugins.
Preloading 0 native plugins for Editor in 0.00 ms.
Mono: successfully reloaded assembly
- Completed reload, in  1.177 seconds
Platform modules already initialized, skipping
Refreshing native plugins compatible for Editor in 0.28 ms, found 0 plugins.
Preloading 0 native plugins for Editor in 0.00 ms.
Unloading 1272 Unused Serialized files (Serialized files now loaded: 0)
System memory in use before: 81.0 MB.
System memory in use after: 80.8 MB.

Unloading 8 unused Assets to reduce memory usage. Loaded Objects now: 1815.
Total: 1.964284 ms (FindLiveObjects: 0.128633 ms CreateObjectMapping: 0.044437 ms MarkObjects: 1.581308 ms  DeleteObjects: 0.208736 ms)

========================================================================
Received Prepare
Registering precompiled user dll's ...
Registered in 0.000687 seconds.
Begin MonoManager ReloadAssembly
Native extension for WindowsStandalone target not found
Native extension for WebGL target not found
Refreshing native plugins compatible for Editor in 0.28 ms, found 0 plugins.
Preloading 0 native plugins for Editor in 0.00 ms.
Mono: successfully reloaded assembly
- Completed reload, in  1.167 seconds
Platform modules already initialized, skipping
Refreshing native plugins compatible for Editor in 0.28 ms, found 0 plugins.
Preloading 0 native plugins for Editor in 0.00 ms.
Unloading 1272 Unused Serialized files (Serialized files now loaded: 0)
System memory in use before: 80.9 MB.
System memory in use after: 80.8 MB.

Unloading 8 unused Assets to reduce memory usage. Loaded Objects now: 1818.
Total: 1.986210 ms (FindLiveObjects: 0.168685 ms CreateObjectMapping: 0.043560 ms MarkObjects: 1.564352 ms  DeleteObjects: 0.208152 ms)

========================================================================
Received Import Request.
  Time since last request: 32.615882 seconds.
  path: Assets/_Scripts/GameManager.cs
  artifactKey: Guid(5305846f8e8f5584dac53dc8498dff71) Importer(815301076,1909f56bfc062723c751e8b465ee728b)
Start importing Assets/_Scripts/GameManager.cs using Guid(5305846f8e8f5584dac53dc8498dff71) Importer(815301076,1909f56bfc062723c751e8b465ee728b)  -> (artifact id: 'de391a5824ff57460365470e1b039eb8') in 0.003781 seconds
  Import took 0.005855 seconds .

========================================================================
Received Import Request.
  Time since last request: 0.003894 seconds.
  path: Assets/_Scripts/GameManager.cs
  artifactKey: Guid(5305846f8e8f5584dac53dc8498dff71) Importer(815301076,1909f56bfc062723c751e8b465ee728b)
Start importing Assets/_Scripts/GameManager.cs using Guid(5305846f8e8f5584dac53dc8498dff71) Importer(815301076,1909f56bfc062723c751e8b465ee728b)  -> (artifact id: 'de391a5824ff57460365470e1b039eb8') in 0.001213 seconds
  Import took 0.003282 seconds .

========================================================================
Received Prepare
Registering precompiled user dll's ...
Registered in 0.000802 seconds.
Begin MonoManager ReloadAssembly
Native extension for WindowsStandalone target not found
Native extension for WebGL target not found
Refreshing native plugins compatible for Editor in 0.28 ms, found 0 plugins.
Preloading 0 native plugins for Editor in 0.00 ms.
Mono: successfully reloaded assembly
- Completed reload, in  1.209 seconds
Platform modules already initialized, skipping
Refreshing native plugins compatible for Editor in 0.28 ms, found 0 plugins.
Preloading 0 native plugins for Editor in 0.00 ms.
Unloading 1272 Unused Serialized files (Serialized files now loaded: 0)
System memory in use before: 81.0 MB.
System memory in use after: 80.8 MB.

Unloading 8 unused Assets to reduce memory usage. Loaded Objects now: 1821.
Total: 2.020707 ms (FindLiveObjects: 0.148805 ms CreateObjectMapping: 0.051453 ms MarkObjects: 1.605573 ms  DeleteObjects: 0.212537 ms)

========================================================================
Received Prepare
Registering precompiled user dll's ...
Registered in 0.000686 seconds.
Begin MonoManager ReloadAssembly
Native extension for WindowsStandalone target not found
Native extension for WebGL target not found
Refreshing native plugins compatible for Editor in 0.28 ms, found 0 plugins.
Preloading 0 native plugins for Editor in 0.00 ms.
Mono: successfully reloaded assembly
- Completed reload, in  1.216 seconds
Platform modules already initialized, skipping
Refreshing native plugins compatible for Editor in 0.28 ms, found 0 plugins.
Preloading 0 native plugins for Editor in 0.00 ms.
Unloading 1272 Unused Serialized files (Serialized files now loaded: 0)
System memory in use before: 81.0 MB.
System memory in use after: 80.8 MB.

Unloading 8 unused Assets to reduce memory usage. Loaded Objects now: 1824.
Total: 1.795307 ms (FindLiveObjects: 0.127171 ms CreateObjectMapping: 0.042975 ms MarkObjects: 1.421687 ms  DeleteObjects: 0.202305 ms)

========================================================================
Received Prepare
Registering precompiled user dll's ...
Registered in 0.000638 seconds.
Begin MonoManager ReloadAssembly
Native extension for WindowsStandalone target not found
Native extension for WebGL target not found
Refreshing native plugins compatible for Editor in 0.28 ms, found 0 plugins.
Preloading 0 native plugins for Editor in 0.00 ms.
Mono: successfully reloaded assembly
- Completed reload, in  1.163 seconds
Platform modules already initialized, skipping
Refreshing native plugins compatible for Editor in 0.33 ms, found 0 plugins.
Preloading 0 native plugins for Editor in 0.00 ms.
Unloading 1272 Unused Serialized files (Serialized files now loaded: 0)
System memory in use before: 81.0 MB.
System memory in use after: 80.8 MB.

Unloading 8 unused Assets to reduce memory usage. Loaded Objects now: 1827.
Total: 2.094379 ms (FindLiveObjects: 0.223646 ms CreateObjectMapping: 0.078057 ms MarkObjects: 1.571369 ms  DeleteObjects: 0.219553 ms)

========================================================================
Received Prepare
Registering precompiled user dll's ...
Registered in 0.000622 seconds.
Begin MonoManager ReloadAssembly
Native extension for WindowsStandalone target not found
Native extension for WebGL target not found
Refreshing native plugins compatible for Editor in 0.28 ms, found 0 plugins.
Preloading 0 native plugins for Editor in 0.00 ms.
Mono: successfully reloaded assembly
- Completed reload, in  1.211 seconds
Platform modules already initialized, skipping
Refreshing native plugins compatible for Editor in 0.29 ms, found 0 plugins.
Preloading 0 native plugins for Editor in 0.00 ms.
Unloading 1272 Unused Serialized files (Serialized files now loaded: 0)
System memory in use before: 81.0 MB.
System memory in use after: 80.9 MB.

Unloading 8 unused Assets to reduce memory usage. Loaded Objects now: 1830.
Total: 1.822203 ms (FindLiveObjects: 0.126002 ms CreateObjectMapping: 0.044144 ms MarkObjects: 1.445659 ms  DeleteObjects: 0.204936 ms)

========================================================================
Received Prepare
Registering precompiled user dll's ...
Registered in 0.000673 seconds.
Begin MonoManager ReloadAssembly
Native extension for WindowsStandalone target not found
Native extension for WebGL target not found
Refreshing native plugins compatible for Editor in 0.30 ms, found 0 plugins.
Preloading 0 native plugins for Editor in 0.00 ms.
Mono: successfully reloaded assembly
- Completed reload, in  1.182 seconds
Platform modules already initialized, skipping
Refreshing native plugins compatible for Editor in 0.37 ms, found 0 plugins.
Preloading 0 native plugins for Editor in 0.00 ms.
Unloading 1272 Unused Serialized files (Serialized files now loaded: 0)
System memory in use before: 81.0 MB.
System memory in use after: 80.9 MB.

Unloading 8 unused Assets to reduce memory usage. Loaded Objects now: 1833.
Total: 1.905230 ms (FindLiveObjects: 0.140327 ms CreateObjectMapping: 0.044729 ms MarkObjects: 1.501205 ms  DeleteObjects: 0.217799 ms)

========================================================================
Received Prepare
Registering precompiled user dll's ...
Registered in 0.000684 seconds.
Begin MonoManager ReloadAssembly
Native extension for WindowsStandalone target not found
Native extension for WebGL target not found
Refreshing native plugins compatible for Editor in 0.28 ms, found 0 plugins.
Preloading 0 native plugins for Editor in 0.00 ms.
Mono: successfully reloaded assembly
- Completed reload, in  1.203 seconds
Platform modules already initialized, skipping
Refreshing native plugins compatible for Editor in 0.29 ms, found 0 plugins.
Preloading 0 native plugins for Editor in 0.00 ms.
Unloading 1272 Unused Serialized files (Serialized files now loaded: 0)
System memory in use before: 81.0 MB.
System memory in use after: 80.9 MB.

Unloading 8 unused Assets to reduce memory usage. Loaded Objects now: 1836.
Total: 1.826588 ms (FindLiveObjects: 0.168100 ms CreateObjectMapping: 0.043267 ms MarkObjects: 1.399468 ms  DeleteObjects: 0.214876 ms)

========================================================================
Received Prepare
Registering precompiled user dll's ...
Registered in 0.000561 seconds.
Begin MonoManager ReloadAssembly
Native extension for WindowsStandalone target not found
Native extension for WebGL target not found
Refreshing native plugins compatible for Editor in 0.29 ms, found 0 plugins.
Preloading 0 native plugins for Editor in 0.00 ms.
Mono: successfully reloaded assembly
- Completed reload, in  1.186 seconds
Platform modules already initialized, skipping
Refreshing native plugins compatible for Editor in 0.29 ms, found 0 plugins.
Preloading 0 native plugins for Editor in 0.00 ms.
Unloading 1272 Unused Serialized files (Serialized files now loaded: 0)
System memory in use before: 81.0 MB.
System memory in use after: 80.9 MB.

Unloading 8 unused Assets to reduce memory usage. Loaded Objects now: 1839.
Total: 2.179159 ms (FindLiveObjects: 0.169562 ms CreateObjectMapping: 0.045022 ms MarkObjects: 1.672813 ms  DeleteObjects: 0.290301 ms)

========================================================================
Received Prepare
Registering precompiled user dll's ...
Registered in 0.000654 seconds.
Begin MonoManager ReloadAssembly
Native extension for WindowsStandalone target not found
Native extension for WebGL target not found
Refreshing native plugins compatible for Editor in 0.32 ms, found 0 plugins.
Preloading 0 native plugins for Editor in 0.00 ms.
Mono: successfully reloaded assembly
- Completed reload, in  1.308 seconds
Platform modules already initialized, skipping
Refreshing native plugins compatible for Editor in 0.29 ms, found 0 plugins.
Preloading 0 native plugins for Editor in 0.00 ms.
Unloading 1272 Unused Serialized files (Serialized files now loaded: 0)
System memory in use before: 81.0 MB.
System memory in use after: 80.9 MB.

Unloading 8 unused Assets to reduce memory usage. Loaded Objects now: 1842.
Total: 1.828927 ms (FindLiveObjects: 0.132141 ms CreateObjectMapping: 0.044729 ms MarkObjects: 1.454137 ms  DeleteObjects: 0.196458 ms)

========================================================================
Received Prepare
Refreshing native plugins compatible for Editor in 0.77 ms, found 0 plugins.
Preloading 0 native plugins for Editor in 0.00 ms.
Unloading 6 Unused Serialized files (Serialized files now loaded: 0)
System memory in use before: 55.9 MB.
System memory in use after: 55.8 MB.

Unloading 6 unused Assets to reduce memory usage. Loaded Objects now: 1842.
Total: 2.880209 ms (FindLiveObjects: 0.143543 ms CreateObjectMapping: 0.045314 ms MarkObjects: 2.362169 ms  DeleteObjects: 0.327137 ms)

========================================================================
Received Prepare
Refreshing native plugins compatible for Editor in 0.98 ms, found 0 plugins.
Preloading 0 native plugins for Editor in 0.00 ms.
Unloading 6 Unused Serialized files (Serialized files now loaded: 0)
System memory in use before: 55.9 MB.
System memory in use after: 55.8 MB.

Unloading 6 unused Assets to reduce memory usage. Loaded Objects now: 1842.
Total: 2.032401 ms (FindLiveObjects: 0.130972 ms CreateObjectMapping: 0.044437 ms MarkObjects: 1.627207 ms  DeleteObjects: 0.227739 ms)

AssetImportWorkerClient::OnTransportError - code=2 error=End of file
